<?xml version="1.0" encoding="UTF-8"?>
<!-- Generated by org.testng.reporters.JUnitReportReporter -->
<testsuite skipped="0" hostname="E0349464" name="Barbbler.AutomationExcercise.LogoutTest" tests="1" failures="0" timestamp="27 May 2018 19:48:48 GMT" time="34.035" errors="0">
  <testcase name="testUntitled" time="34.035" classname="Barbbler.AutomationExcercise.LogoutTest"/>
</testsuite> <!-- Barbbler.AutomationExcercise.LogoutTest -->
