<?xml version="1.0" encoding="UTF-8"?>
<!-- Generated by org.testng.reporters.JUnitReportReporter -->
<testsuite skipped="0" hostname="E0349464" name="Barbbler.AutomationExcercise.MakePaymentTest" tests="1" failures="0" timestamp="27 May 2018 19:48:48 GMT" time="60.403" errors="0">
  <testcase name="testUntitled" time="60.403" classname="Barbbler.AutomationExcercise.MakePaymentTest"/>
</testsuite> <!-- Barbbler.AutomationExcercise.MakePaymentTest -->
