<?xml version="1.0" encoding="UTF-8"?>
<!-- Generated by org.testng.reporters.JUnitReportReporter -->
<testsuite skipped="0" hostname="E0349464" name="Barbbler.AutomationExcercise.LoginScreenTest" tests="1" failures="0" timestamp="27 May 2018 19:48:48 GMT" time="26.679" errors="0">
  <testcase name="testUntitled" time="26.679" classname="Barbbler.AutomationExcercise.LoginScreenTest"/>
</testsuite> <!-- Barbbler.AutomationExcercise.LoginScreenTest -->
