<?xml version="1.0" encoding="UTF-8"?>
<!-- Generated by org.testng.reporters.JUnitReportReporter -->
<testsuite skipped="0" hostname="E0349464" name="Barbbler.AutomationExcercise.AppTest1" tests="1" failures="0" timestamp="27 May 2018 12:01:04 GMT" time="24.063" errors="0">
  <testcase name="testUntitled" time="24.063" classname="Barbbler.AutomationExcercise.AppTest1"/>
</testsuite> <!-- Barbbler.AutomationExcercise.AppTest1 -->
