<?xml version="1.0" encoding="UTF-8"?>
<!-- Generated by org.testng.reporters.JUnitReportReporter -->
<testsuite skipped="0" hostname="E0349464" name="Barbbler.AutomationExcercise.LogoutTest" tests="1" failures="0" timestamp="27 May 2018 20:00:11 GMT" time="39.626" errors="0">
  <testcase name="testUntitled" time="39.626" classname="Barbbler.AutomationExcercise.LogoutTest"/>
</testsuite> <!-- Barbbler.AutomationExcercise.LogoutTest -->
